<?xml version="1.0" encoding="UTF-8"?>
<!-- Generated by org.testng.reporters.JUnitReportReporter -->
<testsuite hostname="DESKTOP-MT2VN0S" failures="0" tests="1" name="native_app_testscripts.GoogleCalculatorTest" time="13.401" errors="0" timestamp="2022-07-08T04:26:00 IST" skipped="0">
  <testcase classname="native_app_testscripts.GoogleCalculatorTest" name="sumOfTwoNumbers" time="13.401"/>
  <system-out/>
</testsuite> <!-- native_app_testscripts.GoogleCalculatorTest -->
