<?xml version="1.0" encoding="UTF-8"?>
<!-- Generated by org.testng.reporters.JUnitReportReporter -->
<testsuite hostname="DESKTOP-MT2VN0S" failures="0" tests="1" name="hybrid_app_testscripts.NewtoursTest" time="2.786" errors="0" timestamp="2022-07-08T04:33:03 IST" skipped="0">
  <testcase classname="hybrid_app_testscripts.NewtoursTest" name="loginTest" time="2.786"/>
  <system-out/>
</testsuite> <!-- hybrid_app_testscripts.NewtoursTest -->
